<?xml version="1.0" encoding="UTF-8"?>
<testsuite name="com.beauty.beauty_sales_dwh.FactSalesDetailsValidationTest" tests="6" skipped="0" failures="0" errors="0" timestamp="2025-12-18T08:59:31.360Z" hostname="AkikoHorinonoMacBook-Air.local" time="0.025">
  <properties/>
  <testcase name="taxDivisionTest()" classname="com.beauty.beauty_sales_dwh.FactSalesDetailsValidationTest" time="0.01"/>
  <testcase name="productGroupNameTest()" classname="com.beauty.beauty_sales_dwh.FactSalesDetailsValidationTest" time="0.002"/>
  <testcase name="defaultValueTest()" classname="com.beauty.beauty_sales_dwh.FactSalesDetailsValidationTest" time="0.004"/>
  <testcase name="quantitySizetest()" classname="com.beauty.beauty_sales_dwh.FactSalesDetailsValidationTest" time="0.003"/>
  <testcase name="productNameTest()" classname="com.beauty.beauty_sales_dwh.FactSalesDetailsValidationTest" time="0.003"/>
  <testcase name="transactionDetailIdTest()" classname="com.beauty.beauty_sales_dwh.FactSalesDetailsValidationTest" time="0.002"/>
  <system-out><![CDATA[2025-12-18T17:59:31.359+09:00  INFO 10011 --- [beauty-sales-dwh] [    Test worker] t.c.s.AnnotationConfigContextLoaderUtils : Could not detect default configuration classes for test class [com.beauty.beauty_sales_dwh.FactSalesDetailsValidationTest]: FactSalesDetailsValidationTest does not declare any static, non-private, non-final, nested classes annotated with @Configuration.
2025-12-18T17:59:31.360+09:00  INFO 10011 --- [beauty-sales-dwh] [    Test worker] .b.t.c.SpringBootTestContextBootstrapper : Found @SpringBootConfiguration com.beauty.beauty_sales_dwh.BeautySalesDwhApplication for test class com.beauty.beauty_sales_dwh.FactSalesDetailsValidationTest
FactSalesDetail[appCompanyId=1, transactionHeadId=1, transactionDetailId=1, productId=null, productName=null, categoryGroupName=null, quantity=1, salesPrice=5000, taxDivision=1, categoryType=SALES]
message = 数量は1以上で指定してください
messageTemplate = {factSalesDetail.quantity.minsize}
rootBean = FactSalesDetail[appCompanyId=1, transactionHeadId=1, transactionDetailId=1, productId=1001, productName=カット, categoryGroupName=技術売上, quantity=0, salesPrice=5000, taxDivision=1, categoryType=SALES]
rootBeanClass = class com.beauty.beauty_sales_dwh.analytics.sales.FactSalesDetail
invalidValue = 0
propertyPath = quantity
leafBean = FactSalesDetail[appCompanyId=1, transactionHeadId=1, transactionDetailId=1, productId=1001, productName=カット, categoryGroupName=技術売上, quantity=0, salesPrice=5000, taxDivision=1, categoryType=SALES]
descriptor = ConstraintDescriptorImpl{annotation=j.v.c.Min, payloads=[], hasComposingConstraints=true, isReportAsSingleInvalidConstraint=false, constraintLocationKind=FIELD, definedOn=DEFINED_LOCALLY, groups=[interface jakarta.validation.groups.Default], attributes={groups=[Ljava.lang.Class;@10280879, message={factSalesDetail.quantity.minsize}, payload=[Ljava.lang.Class;@3472f3ab, value=1}, constraintType=GENERIC, valueUnwrapping=DEFAULT}

[ConstraintViolationImpl{interpolatedMessage='商品名は200文字までです', propertyPath=productName, rootBeanClass=class com.beauty.beauty_sales_dwh.analytics.sales.FactSalesDetail, messageTemplate='{FactSalesDetail.productName.size}'}]
[ConstraintViolationImpl{interpolatedMessage='商品名で記号< >を含む文字列は登録できません', propertyPath=productName, rootBeanClass=class com.beauty.beauty_sales_dwh.analytics.sales.FactSalesDetail, messageTemplate='{FactSalesDetail.productName.pattern}'}]
message = 取引明細IDは必須です
messageTemplate = {factSalesDetail.transactionDetailId.notNull}
rootBean = FactSalesDetail[appCompanyId=1, transactionHeadId=1, transactionDetailId=null, productId=1001, productName=カット, categoryGroupName=技術売上, quantity=1, salesPrice=5000, taxDivision=1, categoryType=SALES]
rootBeanClass = class com.beauty.beauty_sales_dwh.analytics.sales.FactSalesDetail
invalidValue = null
propertyPath = transactionDetailId
leafBean = FactSalesDetail[appCompanyId=1, transactionHeadId=1, transactionDetailId=null, productId=1001, productName=カット, categoryGroupName=技術売上, quantity=1, salesPrice=5000, taxDivision=1, categoryType=SALES]
descriptor = ConstraintDescriptorImpl{annotation=j.v.c.NotNull, payloads=[], hasComposingConstraints=true, isReportAsSingleInvalidConstraint=false, constraintLocationKind=FIELD, definedOn=DEFINED_LOCALLY, groups=[interface jakarta.validation.groups.Default], attributes={groups=[Ljava.lang.Class;@377cbdae, message={factSalesDetail.transactionDetailId.notNull}, payload=[Ljava.lang.Class;@37a939bc}, constraintType=GENERIC, valueUnwrapping=DEFAULT}

]]></system-out>
  <system-err><![CDATA[]]></system-err>
</testsuite>
