<?xml version="1.0" encoding="UTF-8"?>
<testsuite name="com.beauty.beauty_sales_dwh.BeautySalesDwhApplicationTests" tests="1" skipped="0" failures="0" errors="0" timestamp="2026-01-29T23:32:16.789Z" hostname="AkikoHorinonoMacBook-Air.local" time="0.415">
  <properties/>
  <testcase name="contextLoads()" classname="com.beauty.beauty_sales_dwh.BeautySalesDwhApplicationTests" time="0.415"/>
  <system-out><![CDATA[08:32:14.998 [Test worker] INFO org.springframework.test.context.support.AnnotationConfigContextLoaderUtils -- Could not detect default configuration classes for test class [com.beauty.beauty_sales_dwh.BeautySalesDwhApplicationTests]: BeautySalesDwhApplicationTests does not declare any static, non-private, non-final, nested classes annotated with @Configuration.
08:32:15.062 [Test worker] INFO org.springframework.boot.test.context.SpringBootTestContextBootstrapper -- Found @SpringBootConfiguration com.beauty.beauty_sales_dwh.BeautySalesDwhApplication for test class com.beauty.beauty_sales_dwh.BeautySalesDwhApplicationTests

  .   ____          _            __ _ _
 /\\ / ___'_ __ _ _(_)_ __  __ _ \ \ \ \
( ( )\___ | '_ | '_| | '_ \/ _` | \ \ \ \
 \\/  ___)| |_)| | | | | || (_| |  ) ) ) )
  '  |____| .__|_| |_|_| |_\__, | / / / /
 =========|_|==============|___/=/_/_/_/

 :: Spring Boot ::                (v3.5.8)

2026-01-30T08:32:15.266+09:00  INFO 14582 --- [beauty-sales-dwh] [    Test worker] c.b.b.BeautySalesDwhApplicationTests     : Starting BeautySalesDwhApplicationTests using Java 21.0.9 with PID 14582 (started by horinoakiko in /Users/horinoakiko/Documents/beauty-sales-dwh/backend)
2026-01-30T08:32:15.267+09:00  INFO 14582 --- [beauty-sales-dwh] [    Test worker] c.b.b.BeautySalesDwhApplicationTests     : The following 1 profile is active: "test"
2026-01-30T08:32:15.698+09:00  INFO 14582 --- [beauty-sales-dwh] [    Test worker] .s.d.r.c.RepositoryConfigurationDelegate : Bootstrapping Spring Data JDBC repositories in DEFAULT mode.
2026-01-30T08:32:15.727+09:00  INFO 14582 --- [beauty-sales-dwh] [    Test worker] .s.d.r.c.RepositoryConfigurationDelegate : Finished Spring Data repository scanning in 24 ms. Found 1 JDBC repository interface.
2026-01-30T08:32:15.927+09:00  INFO 14582 --- [beauty-sales-dwh] [    Test worker] com.zaxxer.hikari.HikariDataSource       : HikariPool-1 - Starting...
2026-01-30T08:32:16.043+09:00  INFO 14582 --- [beauty-sales-dwh] [    Test worker] com.zaxxer.hikari.pool.HikariPool        : HikariPool-1 - Added connection org.postgresql.jdbc.PgConnection@3a2546d6
2026-01-30T08:32:16.044+09:00  INFO 14582 --- [beauty-sales-dwh] [    Test worker] com.zaxxer.hikari.HikariDataSource       : HikariPool-1 - Start completed.
2026-01-30T08:32:16.783+09:00  INFO 14582 --- [beauty-sales-dwh] [    Test worker] c.b.b.BeautySalesDwhApplicationTests     : Started BeautySalesDwhApplicationTests in 1.652 seconds (process running for 2.253)
]]></system-out>
  <system-err><![CDATA[Mockito is currently self-attaching to enable the inline-mock-maker. This will no longer work in future releases of the JDK. Please add Mockito as an agent to your build as described in Mockito's documentation: https://javadoc.io/doc/org.mockito/mockito-core/latest/org.mockito/org/mockito/Mockito.html#0.3
WARNING: A Java agent has been loaded dynamically (/Users/horinoakiko/.gradle/caches/modules-2/files-2.1/net.bytebuddy/byte-buddy-agent/1.17.8/f09415827a71be7ed621c7bd02550678f28bc81c/byte-buddy-agent-1.17.8.jar)
WARNING: If a serviceability tool is in use, please run with -XX:+EnableDynamicAgentLoading to hide this warning
WARNING: If a serviceability tool is not in use, please run with -Djdk.instrument.traceUsage for more information
WARNING: Dynamic loading of agents will be disallowed by default in a future release
]]></system-err>
</testsuite>
