<?xml version="1.0" encoding="UTF-8"?>
<testsuite name="com.beauty.beauty_sales_dwh.batch.processor.CustomerRawDataProcessorTest" tests="1" skipped="0" failures="0" errors="0" timestamp="2026-01-27T23:27:46.698Z" hostname="AkikoHorinonoMacBook-Air.local" time="0.002">
  <properties/>
  <testcase name="Mapデータが正しくJSON文字列に変換され、会社IDが付与されること" classname="com.beauty.beauty_sales_dwh.batch.processor.CustomerRawDataProcessorTest" time="0.002"/>
  <system-out><![CDATA[変換後のCompanyID: 100
変換後のJSON: {"customerId":"C001","name":"テスト花子","point":500}
]]></system-out>
  <system-err><![CDATA[]]></system-err>
</testsuite>
