<?xml version="1.0" encoding="UTF-8"?>
<testsuite name="com.beauty.beauty_sales_dwh.FactSalesValidationTest" tests="7" skipped="0" failures="0" errors="0" timestamp="2026-01-28T21:03:05.107Z" hostname="AkikoHorinonoMacBook-Air.local" time="0.032">
  <properties/>
  <testcase name="validateSnowFlake()" classname="com.beauty.beauty_sales_dwh.FactSalesValidationTest" time="0.013"/>
  <testcase name="validateMessageFromProperties()" classname="com.beauty.beauty_sales_dwh.FactSalesValidationTest" time="0.003"/>
  <testcase name="smaregiIdrenge()" classname="com.beauty.beauty_sales_dwh.FactSalesValidationTest" time="0.007"/>
  <testcase name="smaregiIdOKtest()" classname="com.beauty.beauty_sales_dwh.FactSalesValidationTest" time="0.002"/>
  <testcase name="validTransactionAmount()" classname="com.beauty.beauty_sales_dwh.FactSalesValidationTest" time="0.003"/>
  <testcase name="validateTranType()" classname="com.beauty.beauty_sales_dwh.FactSalesValidationTest" time="0.002"/>
  <testcase name="sumareziNullOk()" classname="com.beauty.beauty_sales_dwh.FactSalesValidationTest" time="0.002"/>
  <system-out><![CDATA[2026-01-29T06:03:05.106+09:00  INFO 24114 --- [beauty-sales-dwh] [    Test worker] t.c.s.AnnotationConfigContextLoaderUtils : Could not detect default configuration classes for test class [com.beauty.beauty_sales_dwh.FactSalesValidationTest]: FactSalesValidationTest does not declare any static, non-private, non-final, nested classes annotated with @Configuration.
2026-01-29T06:03:05.106+09:00  INFO 24114 --- [beauty-sales-dwh] [    Test worker] .b.t.c.SpringBootTestContextBootstrapper : Found @SpringBootConfiguration com.beauty.beauty_sales_dwh.BeautySalesDwhApplication for test class com.beauty.beauty_sales_dwh.FactSalesValidationTest
message = IDは1〜999999999の間で指定してください
messageTemplate = {sumaregi.id.size}
rootBean = FactSales[appCompanyId=4069, transactionHeadId=0, transactionDateTime=2026-01-29T06:03:05.124739+09:00, transactionDate=2026-01-29, customerId=1, staffId=1, storeId=1, amountTotal=1000, amountSubtotal=1000, amountTaxInclude=1100, amountTaxExclude=1000, amountSubtotalDiscountPrice=0, amountFee=0, amountShipping=0, discountPoint=0, discountCoupon=0, transactionType=SALES, isVoid=false]
rootBeanClass = class com.beauty.beauty_sales_dwh.analytics.sales.FactSales
invalidValue = 0
propertyPath = transactionHeadId
leafBean = FactSales[appCompanyId=4069, transactionHeadId=0, transactionDateTime=2026-01-29T06:03:05.124739+09:00, transactionDate=2026-01-29, customerId=1, staffId=1, storeId=1, amountTotal=1000, amountSubtotal=1000, amountTaxInclude=1100, amountTaxExclude=1000, amountSubtotalDiscountPrice=0, amountFee=0, amountShipping=0, discountPoint=0, discountCoupon=0, transactionType=SALES, isVoid=false]
descriptor = ConstraintDescriptorImpl{annotation=c.b.b.c.v.ValidSmaregiId, payloads=[], hasComposingConstraints=true, isReportAsSingleInvalidConstraint=false, constraintLocationKind=FIELD, definedOn=DEFINED_LOCALLY, groups=[interface jakarta.validation.groups.Default], attributes={groups=[Ljava.lang.Class;@6672b0ea, min=1, message={sumaregi.id.size}, payload=[Ljava.lang.Class;@1ccce165, max=999999999}, constraintType=GENERIC, valueUnwrapping=DEFAULT}

]]></system-out>
  <system-err><![CDATA[]]></system-err>
</testsuite>
