<?xml version="1.0" encoding="UTF-8"?>
<testsuite name="com.beauty.beauty_sales_dwh.batch.SmaregiBatchIntegrationTest" tests="4" skipped="0" failures="0" errors="0" timestamp="2026-01-28T21:03:05.800Z" hostname="AkikoHorinonoMacBook-Air.local" time="0.997">
  <properties/>
  <testcase name="ステップテスト: カテゴリグループデータ取込が正常終了すること" classname="com.beauty.beauty_sales_dwh.batch.SmaregiBatchIntegrationTest" time="0.4"/>
  <testcase name="統合テスト: 認証からデータ整形までJob全体が正常終了すること（顧客データ2件）" classname="com.beauty.beauty_sales_dwh.batch.SmaregiBatchIntegrationTest" time="0.206"/>
  <testcase name="ステップテスト: プロダクトデータ取込が正常終了すること" classname="com.beauty.beauty_sales_dwh.batch.SmaregiBatchIntegrationTest" time="0.201"/>
  <testcase name="ステップテスト: カテゴリデータ取込が正常終了すること" classname="com.beauty.beauty_sales_dwh.batch.SmaregiBatchIntegrationTest" time="0.189"/>
  <system-out><![CDATA[2026-01-29T06:03:05.449+09:00  INFO 24114 --- [beauty-sales-dwh] [    Test worker] t.c.s.AnnotationConfigContextLoaderUtils : Could not detect default configuration classes for test class [com.beauty.beauty_sales_dwh.batch.SmaregiBatchIntegrationTest]: SmaregiBatchIntegrationTest does not declare any static, non-private, non-final, nested classes annotated with @Configuration.
2026-01-29T06:03:05.462+09:00  INFO 24114 --- [beauty-sales-dwh] [    Test worker] .b.t.c.SpringBootTestContextBootstrapper : Found @SpringBootConfiguration com.beauty.beauty_sales_dwh.BeautySalesDwhApplication for test class com.beauty.beauty_sales_dwh.batch.SmaregiBatchIntegrationTest
2026-01-29T06:03:05.466+09:00  INFO 24114 --- [beauty-sales-dwh] [    Test worker] m.p.springdotenv.DotenvPropertySource    : Initialized Dotenv with DotenvConfig{directory=null, filename=null, ignoreIfMalformed=false, ignoreIfMissing=true, systemProperties=false, prefix=null}

  .   ____          _            __ _ _
 /\\ / ___'_ __ _ _(_)_ __  __ _ \ \ \ \
( ( )\___ | '_ | '_| | '_ \/ _` | \ \ \ \
 \\/  ___)| |_)| | | | | || (_| |  ) ) ) )
  '  |____| .__|_| |_|_| |_\__, | / / / /
 =========|_|==============|___/=/_/_/_/

 :: Spring Boot ::                (v3.5.8)

2026-01-29T06:03:05.474+09:00  INFO 24114 --- [beauty-sales-dwh] [    Test worker] c.b.b.batch.SmaregiBatchIntegrationTest  : Starting SmaregiBatchIntegrationTest using Java 21.0.9 with PID 24114 (started by horinoakiko in /Users/horinoakiko/Documents/beauty-sales-dwh/backend)
2026-01-29T06:03:05.475+09:00  INFO 24114 --- [beauty-sales-dwh] [    Test worker] c.b.b.batch.SmaregiBatchIntegrationTest  : The following 1 profile is active: "test"
2026-01-29T06:03:05.584+09:00  INFO 24114 --- [beauty-sales-dwh] [    Test worker] .s.d.r.c.RepositoryConfigurationDelegate : Bootstrapping Spring Data JDBC repositories in DEFAULT mode.
2026-01-29T06:03:05.594+09:00  INFO 24114 --- [beauty-sales-dwh] [    Test worker] .s.d.r.c.RepositoryConfigurationDelegate : Finished Spring Data repository scanning in 8 ms. Found 1 JDBC repository interface.
2026-01-29T06:03:05.629+09:00  INFO 24114 --- [beauty-sales-dwh] [    Test worker] com.zaxxer.hikari.HikariDataSource       : HikariPool-2 - Starting...
2026-01-29T06:03:05.648+09:00  INFO 24114 --- [beauty-sales-dwh] [    Test worker] com.zaxxer.hikari.pool.HikariPool        : HikariPool-2 - Added connection org.postgresql.jdbc.PgConnection@5481001f
2026-01-29T06:03:05.648+09:00  INFO 24114 --- [beauty-sales-dwh] [    Test worker] com.zaxxer.hikari.HikariDataSource       : HikariPool-2 - Start completed.
2026-01-29T06:03:05.798+09:00  INFO 24114 --- [beauty-sales-dwh] [    Test worker] c.b.b.batch.SmaregiBatchIntegrationTest  : Started SmaregiBatchIntegrationTest in 0.334 seconds (process running for 3.354)
2026-01-29T06:03:05.884+09:00  INFO 24114 --- [beauty-sales-dwh] [    Test worker] o.s.b.c.l.s.TaskExecutorJobLauncher      : Job: [SimpleJob: [name=importSmaregiRawDataJob]] launched with the following parameters: [{'random':'{value=2364117538579878510, type=class java.lang.Long, identifying=true}'}]
2026-01-29T06:03:05.912+09:00  INFO 24114 --- [beauty-sales-dwh] [    Test worker] o.s.batch.core.job.SimpleStepHandler     : Executing step: [step1Auth]
2026-01-29T06:03:05.921+09:00  INFO 24114 --- [beauty-sales-dwh] [    Test worker] c.b.b.batch.tasklet.SmaregiAuthTasklet   : Step 1: スマレジAPI認証を開始します...
https://id.smaregi.dev/app/sb_skp459u4/token
2026-01-29T06:03:05.926+09:00  INFO 24114 --- [beauty-sales-dwh] [    Test worker] c.b.b.batch.tasklet.SmaregiAuthTasklet   : 認証成功。アクセストークンを取得しました。次ステップへ進みます。
2026-01-29T06:03:05.932+09:00  INFO 24114 --- [beauty-sales-dwh] [    Test worker] o.s.batch.core.step.AbstractStep         : Step: [step1Auth] executed in 19ms
2026-01-29T06:03:05.954+09:00  INFO 24114 --- [beauty-sales-dwh] [    Test worker] o.s.batch.core.job.SimpleStepHandler     : Executing step: [stepFetchCustomers]
2026-01-29T06:03:05.977+09:00  INFO 24114 --- [beauty-sales-dwh] [    Test worker] c.b.b.b.r.SmaregiCustomerItemReader      : CustomerReader初期化完了: upd_date_time-from=2000-01-01T00:00:00+09:00
2026-01-29T06:03:05.982+09:00  INFO 24114 --- [beauty-sales-dwh] [    Test worker] c.b.b.b.r.SmaregiCustomerItemReader      : Request URL: https://api.smaregi.dev/sb_skp459u4/pos/customers?limit=1000&page=1&upd_date_time-from=2000-01-01T00%3A00%3A00%2B09%3A00
2026-01-29T06:03:05.992+09:00  INFO 24114 --- [beauty-sales-dwh] [    Test worker] o.s.batch.core.step.AbstractStep         : Step: [stepFetchCustomers] executed in 37ms
2026-01-29T06:03:06.026+09:00  INFO 24114 --- [beauty-sales-dwh] [    Test worker] o.s.batch.core.job.SimpleStepHandler     : Executing step: [stepFetchCategories]
2026-01-29T06:03:06.035+09:00  INFO 24114 --- [beauty-sales-dwh] [    Test worker] c.b.b.b.r.SmaregiCategoryItemReader      : Request URL for Categories: https://api.smaregi.dev/sb_skp459u4/pos/categories?limit=1000&page=1
2026-01-29T06:03:06.040+09:00  INFO 24114 --- [beauty-sales-dwh] [    Test worker] o.s.batch.core.step.AbstractStep         : Step: [stepFetchCategories] executed in 13ms
2026-01-29T06:03:06.061+09:00  INFO 24114 --- [beauty-sales-dwh] [    Test worker] o.s.batch.core.job.SimpleStepHandler     : Executing step: [stepFetchCategoryGroups]
2026-01-29T06:03:06.068+09:00  INFO 24114 --- [beauty-sales-dwh] [    Test worker] c.b.b.b.r.SmaregiCategoryGroupItemReader : Request URL for Category Groups: https://api.smaregi.dev/sb_skp459u4/pos/category_groups?limit=1000&page=1
2026-01-29T06:03:06.069+09:00  INFO 24114 --- [beauty-sales-dwh] [    Test worker] c.b.b.b.r.SmaregiCategoryGroupItemReader : Request URL for Category Groups: https://api.smaregi.dev/sb_skp459u4/pos/category_groups?limit=1000&page=2
2026-01-29T06:03:06.079+09:00  INFO 24114 --- [beauty-sales-dwh] [    Test worker] o.s.batch.core.step.AbstractStep         : Step: [stepFetchCategoryGroups] executed in 18ms
2026-01-29T06:03:06.098+09:00  INFO 24114 --- [beauty-sales-dwh] [    Test worker] o.s.batch.core.job.SimpleStepHandler     : Executing step: [stepFetchProducts]
2026-01-29T06:03:06.103+09:00  INFO 24114 --- [beauty-sales-dwh] [    Test worker] c.b.b.b.reader.SmaregiProductItemReader  : Request URL for Products: https://api.smaregi.dev/sb_skp459u4/pos/products?limit=1000&page=1
2026-01-29T06:03:06.109+09:00  INFO 24114 --- [beauty-sales-dwh] [    Test worker] o.s.batch.core.step.AbstractStep         : Step: [stepFetchProducts] executed in 10ms
2026-01-29T06:03:06.123+09:00  INFO 24114 --- [beauty-sales-dwh] [    Test worker] o.s.batch.core.job.SimpleStepHandler     : Executing step: [stepTransformCustomers]
2026-01-29T06:03:06.127+09:00  INFO 24114 --- [beauty-sales-dwh] [    Test worker] c.b.b.b.t.CustomerTransformTasklet       : Step 3: データ整形処理を開始します...
2026-01-29T06:03:06.128+09:00  INFO 24114 --- [beauty-sales-dwh] [    Test worker] c.b.b.b.t.CustomerTransformTasklet       : 初回実行、またはデータが存在しないため、全件処理対象とします。基準日: 2000-01-01T00:00+09:00
2026-01-29T06:03:06.130+09:00  INFO 24114 --- [beauty-sales-dwh] [    Test worker] c.b.b.b.t.CustomerTransformTasklet       : Step 3: 完了。0 件のデータを DIM_CUSTOMERS に反映しました。
2026-01-29T06:03:06.139+09:00  INFO 24114 --- [beauty-sales-dwh] [    Test worker] o.s.batch.core.step.AbstractStep         : Step: [stepTransformCustomers] executed in 16ms
2026-01-29T06:03:06.157+09:00  INFO 24114 --- [beauty-sales-dwh] [    Test worker] o.s.batch.core.job.SimpleStepHandler     : Executing step: [stepTransformProducts]
2026-01-29T06:03:06.161+09:00  INFO 24114 --- [beauty-sales-dwh] [    Test worker] c.b.b.b.tasklet.ProductTransformTasklet  : Step 3: Product関連のデータ整形処理を開始します...
2026-01-29T06:03:06.163+09:00  INFO 24114 --- [beauty-sales-dwh] [    Test worker] c.b.b.b.tasklet.ProductTransformTasklet  : 初回実行、またはデータが存在しないため、全件処理対象とします。基準日: 2000-01-01T00:00+09:00
2026-01-29T06:03:06.166+09:00  INFO 24114 --- [beauty-sales-dwh] [    Test worker] c.b.b.b.tasklet.ProductTransformTasklet  : 2 件のデータを dwh.dim_category_groups に反映しました。
2026-01-29T06:03:06.169+09:00  INFO 24114 --- [beauty-sales-dwh] [    Test worker] c.b.b.b.tasklet.ProductTransformTasklet  : 0 件のデータを dwh.dim_products に反映しました。
2026-01-29T06:03:06.169+09:00  INFO 24114 --- [beauty-sales-dwh] [    Test worker] c.b.b.b.tasklet.ProductTransformTasklet  : Step 3: Product関連のデータ整形処理が完了しました。
2026-01-29T06:03:06.175+09:00  INFO 24114 --- [beauty-sales-dwh] [    Test worker] o.s.batch.core.step.AbstractStep         : Step: [stepTransformProducts] executed in 17ms
2026-01-29T06:03:06.189+09:00  INFO 24114 --- [beauty-sales-dwh] [    Test worker] o.s.b.c.l.s.TaskExecutorJobLauncher      : Job: [SimpleJob: [name=importSmaregiRawDataJob]] completed with the following parameters: [{'random':'{value=2364117538579878510, type=class java.lang.Long, identifying=true}'}] and the following status: [COMPLETED] in 296ms
2026-01-29T06:03:06.236+09:00  INFO 24114 --- [beauty-sales-dwh] [    Test worker] o.s.b.c.l.s.TaskExecutorJobLauncher      : Job: [SimpleJob: [name=importSmaregiRawDataJob]] launched with the following parameters: [{'random':'{value=1663317371519512576, type=class java.lang.Long, identifying=true}'}]
2026-01-29T06:03:06.247+09:00  INFO 24114 --- [beauty-sales-dwh] [    Test worker] o.s.batch.core.job.SimpleStepHandler     : Executing step: [step1Auth]
2026-01-29T06:03:06.252+09:00  INFO 24114 --- [beauty-sales-dwh] [    Test worker] c.b.b.batch.tasklet.SmaregiAuthTasklet   : Step 1: スマレジAPI認証を開始します...
https://id.smaregi.dev/app/sb_skp459u4/token
2026-01-29T06:03:06.252+09:00  INFO 24114 --- [beauty-sales-dwh] [    Test worker] c.b.b.batch.tasklet.SmaregiAuthTasklet   : 認証成功。アクセストークンを取得しました。次ステップへ進みます。
2026-01-29T06:03:06.256+09:00  INFO 24114 --- [beauty-sales-dwh] [    Test worker] o.s.batch.core.step.AbstractStep         : Step: [step1Auth] executed in 9ms
2026-01-29T06:03:06.269+09:00  INFO 24114 --- [beauty-sales-dwh] [    Test worker] o.s.batch.core.job.SimpleStepHandler     : Executing step: [stepFetchCustomers]
2026-01-29T06:03:06.273+09:00  INFO 24114 --- [beauty-sales-dwh] [    Test worker] c.b.b.b.r.SmaregiCustomerItemReader      : CustomerReader初期化完了: upd_date_time-from=2000-01-01T00:00:00+09:00
2026-01-29T06:03:06.276+09:00  INFO 24114 --- [beauty-sales-dwh] [    Test worker] c.b.b.b.r.SmaregiCustomerItemReader      : Request URL: https://api.smaregi.dev/sb_skp459u4/pos/customers?limit=1000&page=1&upd_date_time-from=2000-01-01T00%3A00%3A00%2B09%3A00
2026-01-29T06:03:06.276+09:00  INFO 24114 --- [beauty-sales-dwh] [    Test worker] c.b.b.b.r.SmaregiCustomerItemReader      : Request URL: https://api.smaregi.dev/sb_skp459u4/pos/customers?limit=1000&page=2&upd_date_time-from=2000-01-01T00%3A00%3A00%2B09%3A00
2026-01-29T06:03:06.284+09:00  INFO 24114 --- [beauty-sales-dwh] [    Test worker] o.s.batch.core.step.AbstractStep         : Step: [stepFetchCustomers] executed in 14ms
2026-01-29T06:03:06.296+09:00  INFO 24114 --- [beauty-sales-dwh] [    Test worker] o.s.batch.core.job.SimpleStepHandler     : Executing step: [stepFetchCategories]
2026-01-29T06:03:06.300+09:00  INFO 24114 --- [beauty-sales-dwh] [    Test worker] c.b.b.b.r.SmaregiCategoryItemReader      : Request URL for Categories: https://api.smaregi.dev/sb_skp459u4/pos/categories?limit=1000&page=1
2026-01-29T06:03:06.305+09:00  INFO 24114 --- [beauty-sales-dwh] [    Test worker] o.s.batch.core.step.AbstractStep         : Step: [stepFetchCategories] executed in 8ms
2026-01-29T06:03:06.317+09:00  INFO 24114 --- [beauty-sales-dwh] [    Test worker] o.s.batch.core.job.SimpleStepHandler     : Executing step: [stepFetchCategoryGroups]
2026-01-29T06:03:06.321+09:00  INFO 24114 --- [beauty-sales-dwh] [    Test worker] c.b.b.b.r.SmaregiCategoryGroupItemReader : Request URL for Category Groups: https://api.smaregi.dev/sb_skp459u4/pos/category_groups?limit=1000&page=1
2026-01-29T06:03:06.324+09:00  INFO 24114 --- [beauty-sales-dwh] [    Test worker] o.s.batch.core.step.AbstractStep         : Step: [stepFetchCategoryGroups] executed in 7ms
2026-01-29T06:03:06.337+09:00  INFO 24114 --- [beauty-sales-dwh] [    Test worker] o.s.batch.core.job.SimpleStepHandler     : Executing step: [stepFetchProducts]
2026-01-29T06:03:06.342+09:00  INFO 24114 --- [beauty-sales-dwh] [    Test worker] c.b.b.b.reader.SmaregiProductItemReader  : Request URL for Products: https://api.smaregi.dev/sb_skp459u4/pos/products?limit=1000&page=1
2026-01-29T06:03:06.346+09:00  INFO 24114 --- [beauty-sales-dwh] [    Test worker] o.s.batch.core.step.AbstractStep         : Step: [stepFetchProducts] executed in 7ms
2026-01-29T06:03:06.358+09:00  INFO 24114 --- [beauty-sales-dwh] [    Test worker] o.s.batch.core.job.SimpleStepHandler     : Executing step: [stepTransformCustomers]
2026-01-29T06:03:06.362+09:00  INFO 24114 --- [beauty-sales-dwh] [    Test worker] c.b.b.b.t.CustomerTransformTasklet       : Step 3: データ整形処理を開始します...
2026-01-29T06:03:06.363+09:00  INFO 24114 --- [beauty-sales-dwh] [    Test worker] c.b.b.b.t.CustomerTransformTasklet       : 初回実行、またはデータが存在しないため、全件処理対象とします。基準日: 2000-01-01T00:00+09:00
2026-01-29T06:03:06.365+09:00  INFO 24114 --- [beauty-sales-dwh] [    Test worker] c.b.b.b.t.CustomerTransformTasklet       : Step 3: 完了。2 件のデータを DIM_CUSTOMERS に反映しました。
2026-01-29T06:03:06.369+09:00  INFO 24114 --- [beauty-sales-dwh] [    Test worker] o.s.batch.core.step.AbstractStep         : Step: [stepTransformCustomers] executed in 10ms
2026-01-29T06:03:06.382+09:00  INFO 24114 --- [beauty-sales-dwh] [    Test worker] o.s.batch.core.job.SimpleStepHandler     : Executing step: [stepTransformProducts]
2026-01-29T06:03:06.386+09:00  INFO 24114 --- [beauty-sales-dwh] [    Test worker] c.b.b.b.tasklet.ProductTransformTasklet  : Step 3: Product関連のデータ整形処理を開始します...
2026-01-29T06:03:06.388+09:00  INFO 24114 --- [beauty-sales-dwh] [    Test worker] c.b.b.b.tasklet.ProductTransformTasklet  : 初回実行、またはデータが存在しないため、全件処理対象とします。基準日: 2000-01-01T00:00+09:00
2026-01-29T06:03:06.389+09:00  INFO 24114 --- [beauty-sales-dwh] [    Test worker] c.b.b.b.tasklet.ProductTransformTasklet  : 0 件のデータを dwh.dim_category_groups に反映しました。
2026-01-29T06:03:06.390+09:00  INFO 24114 --- [beauty-sales-dwh] [    Test worker] c.b.b.b.tasklet.ProductTransformTasklet  : 0 件のデータを dwh.dim_products に反映しました。
2026-01-29T06:03:06.390+09:00  INFO 24114 --- [beauty-sales-dwh] [    Test worker] c.b.b.b.tasklet.ProductTransformTasklet  : Step 3: Product関連のデータ整形処理が完了しました。
2026-01-29T06:03:06.394+09:00  INFO 24114 --- [beauty-sales-dwh] [    Test worker] o.s.batch.core.step.AbstractStep         : Step: [stepTransformProducts] executed in 11ms
2026-01-29T06:03:06.404+09:00  INFO 24114 --- [beauty-sales-dwh] [    Test worker] o.s.b.c.l.s.TaskExecutorJobLauncher      : Job: [SimpleJob: [name=importSmaregiRawDataJob]] completed with the following parameters: [{'random':'{value=1663317371519512576, type=class java.lang.Long, identifying=true}'}] and the following status: [COMPLETED] in 163ms
2026-01-29T06:03:06.440+09:00  INFO 24114 --- [beauty-sales-dwh] [    Test worker] o.s.b.c.l.s.TaskExecutorJobLauncher      : Job: [SimpleJob: [name=importSmaregiRawDataJob]] launched with the following parameters: [{'random':'{value=1684747621352876765, type=class java.lang.Long, identifying=true}'}]
2026-01-29T06:03:06.450+09:00  INFO 24114 --- [beauty-sales-dwh] [    Test worker] o.s.batch.core.job.SimpleStepHandler     : Executing step: [step1Auth]
2026-01-29T06:03:06.456+09:00  INFO 24114 --- [beauty-sales-dwh] [    Test worker] c.b.b.batch.tasklet.SmaregiAuthTasklet   : Step 1: スマレジAPI認証を開始します...
https://id.smaregi.dev/app/sb_skp459u4/token
2026-01-29T06:03:06.456+09:00  INFO 24114 --- [beauty-sales-dwh] [    Test worker] c.b.b.batch.tasklet.SmaregiAuthTasklet   : 認証成功。アクセストークンを取得しました。次ステップへ進みます。
2026-01-29T06:03:06.460+09:00  INFO 24114 --- [beauty-sales-dwh] [    Test worker] o.s.batch.core.step.AbstractStep         : Step: [step1Auth] executed in 9ms
2026-01-29T06:03:06.474+09:00  INFO 24114 --- [beauty-sales-dwh] [    Test worker] o.s.batch.core.job.SimpleStepHandler     : Executing step: [stepFetchCustomers]
2026-01-29T06:03:06.478+09:00  INFO 24114 --- [beauty-sales-dwh] [    Test worker] c.b.b.b.r.SmaregiCustomerItemReader      : CustomerReader初期化完了: upd_date_time-from=2000-01-01T00:00:00+09:00
2026-01-29T06:03:06.480+09:00  INFO 24114 --- [beauty-sales-dwh] [    Test worker] c.b.b.b.r.SmaregiCustomerItemReader      : Request URL: https://api.smaregi.dev/sb_skp459u4/pos/customers?limit=1000&page=1&upd_date_time-from=2000-01-01T00%3A00%3A00%2B09%3A00
2026-01-29T06:03:06.484+09:00  INFO 24114 --- [beauty-sales-dwh] [    Test worker] o.s.batch.core.step.AbstractStep         : Step: [stepFetchCustomers] executed in 9ms
2026-01-29T06:03:06.496+09:00  INFO 24114 --- [beauty-sales-dwh] [    Test worker] o.s.batch.core.job.SimpleStepHandler     : Executing step: [stepFetchCategories]
2026-01-29T06:03:06.501+09:00  INFO 24114 --- [beauty-sales-dwh] [    Test worker] c.b.b.b.r.SmaregiCategoryItemReader      : Request URL for Categories: https://api.smaregi.dev/sb_skp459u4/pos/categories?limit=1000&page=1
2026-01-29T06:03:06.501+09:00  INFO 24114 --- [beauty-sales-dwh] [    Test worker] c.b.b.b.r.SmaregiCategoryItemReader      : Request URL for Categories: https://api.smaregi.dev/sb_skp459u4/pos/categories?limit=1000&page=2
2026-01-29T06:03:06.508+09:00  INFO 24114 --- [beauty-sales-dwh] [    Test worker] o.s.batch.core.step.AbstractStep         : Step: [stepFetchCategories] executed in 11ms
2026-01-29T06:03:06.519+09:00  INFO 24114 --- [beauty-sales-dwh] [    Test worker] o.s.batch.core.job.SimpleStepHandler     : Executing step: [stepFetchCategoryGroups]
2026-01-29T06:03:06.523+09:00  INFO 24114 --- [beauty-sales-dwh] [    Test worker] c.b.b.b.r.SmaregiCategoryGroupItemReader : Request URL for Category Groups: https://api.smaregi.dev/sb_skp459u4/pos/category_groups?limit=1000&page=1
2026-01-29T06:03:06.524+09:00  INFO 24114 --- [beauty-sales-dwh] [    Test worker] c.b.b.b.r.SmaregiCategoryGroupItemReader : Request URL for Category Groups: https://api.smaregi.dev/sb_skp459u4/pos/category_groups?limit=1000&page=2
2026-01-29T06:03:06.529+09:00  INFO 24114 --- [beauty-sales-dwh] [    Test worker] o.s.batch.core.step.AbstractStep         : Step: [stepFetchCategoryGroups] executed in 9ms
2026-01-29T06:03:06.540+09:00  INFO 24114 --- [beauty-sales-dwh] [    Test worker] o.s.batch.core.job.SimpleStepHandler     : Executing step: [stepFetchProducts]
2026-01-29T06:03:06.544+09:00  INFO 24114 --- [beauty-sales-dwh] [    Test worker] c.b.b.b.reader.SmaregiProductItemReader  : Request URL for Products: https://api.smaregi.dev/sb_skp459u4/pos/products?limit=1000&page=1
2026-01-29T06:03:06.544+09:00  INFO 24114 --- [beauty-sales-dwh] [    Test worker] c.b.b.b.reader.SmaregiProductItemReader  : Request URL for Products: https://api.smaregi.dev/sb_skp459u4/pos/products?limit=1000&page=2
2026-01-29T06:03:06.551+09:00  INFO 24114 --- [beauty-sales-dwh] [    Test worker] o.s.batch.core.step.AbstractStep         : Step: [stepFetchProducts] executed in 10ms
2026-01-29T06:03:06.562+09:00  INFO 24114 --- [beauty-sales-dwh] [    Test worker] o.s.batch.core.job.SimpleStepHandler     : Executing step: [stepTransformCustomers]
2026-01-29T06:03:06.566+09:00  INFO 24114 --- [beauty-sales-dwh] [    Test worker] c.b.b.b.t.CustomerTransformTasklet       : Step 3: データ整形処理を開始します...
2026-01-29T06:03:06.567+09:00  INFO 24114 --- [beauty-sales-dwh] [    Test worker] c.b.b.b.t.CustomerTransformTasklet       : 初回実行、またはデータが存在しないため、全件処理対象とします。基準日: 2000-01-01T00:00+09:00
2026-01-29T06:03:06.568+09:00  INFO 24114 --- [beauty-sales-dwh] [    Test worker] c.b.b.b.t.CustomerTransformTasklet       : Step 3: 完了。0 件のデータを DIM_CUSTOMERS に反映しました。
2026-01-29T06:03:06.572+09:00  INFO 24114 --- [beauty-sales-dwh] [    Test worker] o.s.batch.core.step.AbstractStep         : Step: [stepTransformCustomers] executed in 9ms
2026-01-29T06:03:06.583+09:00  INFO 24114 --- [beauty-sales-dwh] [    Test worker] o.s.batch.core.job.SimpleStepHandler     : Executing step: [stepTransformProducts]
2026-01-29T06:03:06.587+09:00  INFO 24114 --- [beauty-sales-dwh] [    Test worker] c.b.b.b.tasklet.ProductTransformTasklet  : Step 3: Product関連のデータ整形処理を開始します...
2026-01-29T06:03:06.588+09:00  INFO 24114 --- [beauty-sales-dwh] [    Test worker] c.b.b.b.tasklet.ProductTransformTasklet  : 初回実行、またはデータが存在しないため、全件処理対象とします。基準日: 2000-01-01T00:00+09:00
2026-01-29T06:03:06.590+09:00  INFO 24114 --- [beauty-sales-dwh] [    Test worker] c.b.b.b.tasklet.ProductTransformTasklet  : 2 件のデータを dwh.dim_category_groups に反映しました。
2026-01-29T06:03:06.591+09:00  INFO 24114 --- [beauty-sales-dwh] [    Test worker] c.b.b.b.tasklet.ProductTransformTasklet  : 2 件のデータを dwh.dim_products に反映しました。
2026-01-29T06:03:06.591+09:00  INFO 24114 --- [beauty-sales-dwh] [    Test worker] c.b.b.b.tasklet.ProductTransformTasklet  : Step 3: Product関連のデータ整形処理が完了しました。
2026-01-29T06:03:06.594+09:00  INFO 24114 --- [beauty-sales-dwh] [    Test worker] o.s.batch.core.step.AbstractStep         : Step: [stepTransformProducts] executed in 10ms
2026-01-29T06:03:06.603+09:00  INFO 24114 --- [beauty-sales-dwh] [    Test worker] o.s.b.c.l.s.TaskExecutorJobLauncher      : Job: [SimpleJob: [name=importSmaregiRawDataJob]] completed with the following parameters: [{'random':'{value=1684747621352876765, type=class java.lang.Long, identifying=true}'}] and the following status: [COMPLETED] in 160ms
2026-01-29T06:03:06.635+09:00  INFO 24114 --- [beauty-sales-dwh] [    Test worker] o.s.b.c.l.s.TaskExecutorJobLauncher      : Job: [SimpleJob: [name=importSmaregiRawDataJob]] launched with the following parameters: [{'random':'{value=-1759445504200783000, type=class java.lang.Long, identifying=true}'}]
2026-01-29T06:03:06.646+09:00  INFO 24114 --- [beauty-sales-dwh] [    Test worker] o.s.batch.core.job.SimpleStepHandler     : Executing step: [step1Auth]
2026-01-29T06:03:06.651+09:00  INFO 24114 --- [beauty-sales-dwh] [    Test worker] c.b.b.batch.tasklet.SmaregiAuthTasklet   : Step 1: スマレジAPI認証を開始します...
https://id.smaregi.dev/app/sb_skp459u4/token
2026-01-29T06:03:06.652+09:00  INFO 24114 --- [beauty-sales-dwh] [    Test worker] c.b.b.batch.tasklet.SmaregiAuthTasklet   : 認証成功。アクセストークンを取得しました。次ステップへ進みます。
2026-01-29T06:03:06.656+09:00  INFO 24114 --- [beauty-sales-dwh] [    Test worker] o.s.batch.core.step.AbstractStep         : Step: [step1Auth] executed in 9ms
2026-01-29T06:03:06.668+09:00  INFO 24114 --- [beauty-sales-dwh] [    Test worker] o.s.batch.core.job.SimpleStepHandler     : Executing step: [stepFetchCustomers]
2026-01-29T06:03:06.672+09:00  INFO 24114 --- [beauty-sales-dwh] [    Test worker] c.b.b.b.r.SmaregiCustomerItemReader      : CustomerReader初期化完了: upd_date_time-from=2000-01-01T00:00:00+09:00
2026-01-29T06:03:06.674+09:00  INFO 24114 --- [beauty-sales-dwh] [    Test worker] c.b.b.b.r.SmaregiCustomerItemReader      : Request URL: https://api.smaregi.dev/sb_skp459u4/pos/customers?limit=1000&page=1&upd_date_time-from=2000-01-01T00%3A00%3A00%2B09%3A00
2026-01-29T06:03:06.678+09:00  INFO 24114 --- [beauty-sales-dwh] [    Test worker] o.s.batch.core.step.AbstractStep         : Step: [stepFetchCustomers] executed in 9ms
2026-01-29T06:03:06.689+09:00  INFO 24114 --- [beauty-sales-dwh] [    Test worker] o.s.batch.core.job.SimpleStepHandler     : Executing step: [stepFetchCategories]
2026-01-29T06:03:06.694+09:00  INFO 24114 --- [beauty-sales-dwh] [    Test worker] c.b.b.b.r.SmaregiCategoryItemReader      : Request URL for Categories: https://api.smaregi.dev/sb_skp459u4/pos/categories?limit=1000&page=1
2026-01-29T06:03:06.694+09:00  INFO 24114 --- [beauty-sales-dwh] [    Test worker] c.b.b.b.r.SmaregiCategoryItemReader      : Request URL for Categories: https://api.smaregi.dev/sb_skp459u4/pos/categories?limit=1000&page=2
2026-01-29T06:03:06.700+09:00  INFO 24114 --- [beauty-sales-dwh] [    Test worker] o.s.batch.core.step.AbstractStep         : Step: [stepFetchCategories] executed in 10ms
2026-01-29T06:03:06.712+09:00  INFO 24114 --- [beauty-sales-dwh] [    Test worker] o.s.batch.core.job.SimpleStepHandler     : Executing step: [stepFetchCategoryGroups]
2026-01-29T06:03:06.716+09:00  INFO 24114 --- [beauty-sales-dwh] [    Test worker] c.b.b.b.r.SmaregiCategoryGroupItemReader : Request URL for Category Groups: https://api.smaregi.dev/sb_skp459u4/pos/category_groups?limit=1000&page=1
2026-01-29T06:03:06.719+09:00  INFO 24114 --- [beauty-sales-dwh] [    Test worker] o.s.batch.core.step.AbstractStep         : Step: [stepFetchCategoryGroups] executed in 7ms
2026-01-29T06:03:06.730+09:00  INFO 24114 --- [beauty-sales-dwh] [    Test worker] o.s.batch.core.job.SimpleStepHandler     : Executing step: [stepFetchProducts]
2026-01-29T06:03:06.734+09:00  INFO 24114 --- [beauty-sales-dwh] [    Test worker] c.b.b.b.reader.SmaregiProductItemReader  : Request URL for Products: https://api.smaregi.dev/sb_skp459u4/pos/products?limit=1000&page=1
2026-01-29T06:03:06.738+09:00  INFO 24114 --- [beauty-sales-dwh] [    Test worker] o.s.batch.core.step.AbstractStep         : Step: [stepFetchProducts] executed in 7ms
2026-01-29T06:03:06.748+09:00  INFO 24114 --- [beauty-sales-dwh] [    Test worker] o.s.batch.core.job.SimpleStepHandler     : Executing step: [stepTransformCustomers]
2026-01-29T06:03:06.752+09:00  INFO 24114 --- [beauty-sales-dwh] [    Test worker] c.b.b.b.t.CustomerTransformTasklet       : Step 3: データ整形処理を開始します...
2026-01-29T06:03:06.753+09:00  INFO 24114 --- [beauty-sales-dwh] [    Test worker] c.b.b.b.t.CustomerTransformTasklet       : 初回実行、またはデータが存在しないため、全件処理対象とします。基準日: 2000-01-01T00:00+09:00
2026-01-29T06:03:06.754+09:00  INFO 24114 --- [beauty-sales-dwh] [    Test worker] c.b.b.b.t.CustomerTransformTasklet       : Step 3: 完了。0 件のデータを DIM_CUSTOMERS に反映しました。
2026-01-29T06:03:06.758+09:00  INFO 24114 --- [beauty-sales-dwh] [    Test worker] o.s.batch.core.step.AbstractStep         : Step: [stepTransformCustomers] executed in 9ms
2026-01-29T06:03:06.771+09:00  INFO 24114 --- [beauty-sales-dwh] [    Test worker] o.s.batch.core.job.SimpleStepHandler     : Executing step: [stepTransformProducts]
2026-01-29T06:03:06.776+09:00  INFO 24114 --- [beauty-sales-dwh] [    Test worker] c.b.b.b.tasklet.ProductTransformTasklet  : Step 3: Product関連のデータ整形処理を開始します...
2026-01-29T06:03:06.777+09:00  INFO 24114 --- [beauty-sales-dwh] [    Test worker] c.b.b.b.tasklet.ProductTransformTasklet  : 初回実行、またはデータが存在しないため、全件処理対象とします。基準日: 2000-01-01T00:00+09:00
2026-01-29T06:03:06.778+09:00  INFO 24114 --- [beauty-sales-dwh] [    Test worker] c.b.b.b.tasklet.ProductTransformTasklet  : 0 件のデータを dwh.dim_category_groups に反映しました。
2026-01-29T06:03:06.780+09:00  INFO 24114 --- [beauty-sales-dwh] [    Test worker] c.b.b.b.tasklet.ProductTransformTasklet  : 0 件のデータを dwh.dim_products に反映しました。
2026-01-29T06:03:06.780+09:00  INFO 24114 --- [beauty-sales-dwh] [    Test worker] c.b.b.b.tasklet.ProductTransformTasklet  : Step 3: Product関連のデータ整形処理が完了しました。
2026-01-29T06:03:06.784+09:00  INFO 24114 --- [beauty-sales-dwh] [    Test worker] o.s.batch.core.step.AbstractStep         : Step: [stepTransformProducts] executed in 12ms
2026-01-29T06:03:06.793+09:00  INFO 24114 --- [beauty-sales-dwh] [    Test worker] o.s.b.c.l.s.TaskExecutorJobLauncher      : Job: [SimpleJob: [name=importSmaregiRawDataJob]] completed with the following parameters: [{'random':'{value=-1759445504200783000, type=class java.lang.Long, identifying=true}'}] and the following status: [COMPLETED] in 154ms
]]></system-out>
  <system-err><![CDATA[]]></system-err>
</testsuite>
