<?xml version="1.0" encoding="UTF-8"?>
<testsuite name="com.beauty.beauty_sales_dwh.FactSalesValidationTest" tests="7" skipped="0" failures="0" errors="0" timestamp="2026-01-29T23:32:17.364Z" hostname="AkikoHorinonoMacBook-Air.local" time="0.033">
  <properties/>
  <testcase name="validateSnowFlake()" classname="com.beauty.beauty_sales_dwh.FactSalesValidationTest" time="0.011"/>
  <testcase name="validateMessageFromProperties()" classname="com.beauty.beauty_sales_dwh.FactSalesValidationTest" time="0.004"/>
  <testcase name="smaregiIdrenge()" classname="com.beauty.beauty_sales_dwh.FactSalesValidationTest" time="0.007"/>
  <testcase name="smaregiIdOKtest()" classname="com.beauty.beauty_sales_dwh.FactSalesValidationTest" time="0.002"/>
  <testcase name="validTransactionAmount()" classname="com.beauty.beauty_sales_dwh.FactSalesValidationTest" time="0.002"/>
  <testcase name="validateTranType()" classname="com.beauty.beauty_sales_dwh.FactSalesValidationTest" time="0.003"/>
  <testcase name="sumareziNullOk()" classname="com.beauty.beauty_sales_dwh.FactSalesValidationTest" time="0.001"/>
  <system-out><![CDATA[2026-01-30T08:32:17.363+09:00  INFO 14582 --- [beauty-sales-dwh] [    Test worker] t.c.s.AnnotationConfigContextLoaderUtils : Could not detect default configuration classes for test class [com.beauty.beauty_sales_dwh.FactSalesValidationTest]: FactSalesValidationTest does not declare any static, non-private, non-final, nested classes annotated with @Configuration.
2026-01-30T08:32:17.363+09:00  INFO 14582 --- [beauty-sales-dwh] [    Test worker] .b.t.c.SpringBootTestContextBootstrapper : Found @SpringBootConfiguration com.beauty.beauty_sales_dwh.BeautySalesDwhApplication for test class com.beauty.beauty_sales_dwh.FactSalesValidationTest
message = IDは1〜999999999の間で指定してください
messageTemplate = {sumaregi.id.size}
rootBean = FactSales[appCompanyId=4069, transactionHeadId=0, transactionDateTime=2026-01-30T08:32:17.381234+09:00, transactionDate=2026-01-30, customerId=1, staffId=1, storeId=1, amountTotal=1000, amountSubtotal=1000, amountTaxInclude=1100, amountTaxExclude=1000, amountSubtotalDiscountPrice=0, amountFee=0, amountShipping=0, discountPoint=0, discountCoupon=0, transactionType=SALES, isVoid=false]
rootBeanClass = class com.beauty.beauty_sales_dwh.analytics.sales.FactSales
invalidValue = 0
propertyPath = transactionHeadId
leafBean = FactSales[appCompanyId=4069, transactionHeadId=0, transactionDateTime=2026-01-30T08:32:17.381234+09:00, transactionDate=2026-01-30, customerId=1, staffId=1, storeId=1, amountTotal=1000, amountSubtotal=1000, amountTaxInclude=1100, amountTaxExclude=1000, amountSubtotalDiscountPrice=0, amountFee=0, amountShipping=0, discountPoint=0, discountCoupon=0, transactionType=SALES, isVoid=false]
descriptor = ConstraintDescriptorImpl{annotation=c.b.b.c.v.ValidSmaregiId, payloads=[], hasComposingConstraints=true, isReportAsSingleInvalidConstraint=false, constraintLocationKind=FIELD, definedOn=DEFINED_LOCALLY, groups=[interface jakarta.validation.groups.Default], attributes={groups=[Ljava.lang.Class;@df04d12, min=1, message={sumaregi.id.size}, payload=[Ljava.lang.Class;@757f47f0, max=999999999}, constraintType=GENERIC, valueUnwrapping=DEFAULT}

]]></system-out>
  <system-err><![CDATA[]]></system-err>
</testsuite>
