<?xml version="1.0" encoding="UTF-8"?>
<testsuite name="com.beauty.beauty_sales_dwh.SmaregiConfigTest" tests="1" skipped="0" failures="0" errors="0" timestamp="2026-01-29T23:32:17.429Z" hostname="AkikoHorinonoMacBook-Air.local" time="0.002">
  <properties/>
  <testcase name="環境変数が正しく読み込まれているか確認()" classname="com.beauty.beauty_sales_dwh.SmaregiConfigTest" time="0.002"/>
  <system-out><![CDATA[2026-01-30T08:32:17.428+09:00  INFO 14582 --- [beauty-sales-dwh] [    Test worker] t.c.s.AnnotationConfigContextLoaderUtils : Could not detect default configuration classes for test class [com.beauty.beauty_sales_dwh.SmaregiConfigTest]: SmaregiConfigTest does not declare any static, non-private, non-final, nested classes annotated with @Configuration.
2026-01-30T08:32:17.428+09:00  INFO 14582 --- [beauty-sales-dwh] [    Test worker] .b.t.c.SpringBootTestContextBootstrapper : Found @SpringBootConfiguration com.beauty.beauty_sales_dwh.BeautySalesDwhApplication for test class com.beauty.beauty_sales_dwh.SmaregiConfigTest
============================================
【設定値確認】
Contract ID   : sb_skp459u4
Client ID     : e626514d53fcc48eb27aab66cc410a05
Client Secret : 66f********
App Vendor : 4096
============================================
]]></system-out>
  <system-err><![CDATA[]]></system-err>
</testsuite>
