<?xml version="1.0" encoding="UTF-8"?>
<testsuite name="com.beauty.beauty_sales_dwh.batch.mapper.RawCustomerMapperTest" tests="2" skipped="0" failures="0" errors="0" timestamp="2026-01-28T21:03:06.961Z" hostname="AkikoHorinonoMacBook-Air.local" time="0.015">
  <properties/>
  <testcase name="データのINSERTと最大日付の取得ができること" classname="com.beauty.beauty_sales_dwh.batch.mapper.RawCustomerMapperTest" time="0.011"/>
  <testcase name="テーブルが空の場合はnullが返ること（初回実行時の想定）" classname="com.beauty.beauty_sales_dwh.batch.mapper.RawCustomerMapperTest" time="0.004"/>
  <system-out><![CDATA[2026-01-29T06:03:06.799+09:00  INFO 24114 --- [beauty-sales-dwh] [    Test worker] t.c.s.AnnotationConfigContextLoaderUtils : Could not detect default configuration classes for test class [com.beauty.beauty_sales_dwh.batch.mapper.RawCustomerMapperTest]: RawCustomerMapperTest does not declare any static, non-private, non-final, nested classes annotated with @Configuration.
2026-01-29T06:03:06.816+09:00  INFO 24114 --- [beauty-sales-dwh] [    Test worker] .b.t.c.SpringBootTestContextBootstrapper : Found @SpringBootConfiguration com.beauty.beauty_sales_dwh.BeautySalesDwhApplication for test class com.beauty.beauty_sales_dwh.batch.mapper.RawCustomerMapperTest
2026-01-29T06:03:06.819+09:00  INFO 24114 --- [beauty-sales-dwh] [    Test worker] m.p.springdotenv.DotenvPropertySource    : Initialized Dotenv with DotenvConfig{directory=null, filename=null, ignoreIfMalformed=false, ignoreIfMissing=true, systemProperties=false, prefix=null}

  .   ____          _            __ _ _
 /\\ / ___'_ __ _ _(_)_ __  __ _ \ \ \ \
( ( )\___ | '_ | '_| | '_ \/ _` | \ \ \ \
 \\/  ___)| |_)| | | | | || (_| |  ) ) ) )
  '  |____| .__|_| |_|_| |_\__, | / / / /
 =========|_|==============|___/=/_/_/_/

 :: Spring Boot ::                (v3.5.8)

2026-01-29T06:03:06.828+09:00  INFO 24114 --- [beauty-sales-dwh] [    Test worker] c.b.b.b.mapper.RawCustomerMapperTest     : Starting RawCustomerMapperTest using Java 21.0.9 with PID 24114 (started by horinoakiko in /Users/horinoakiko/Documents/beauty-sales-dwh/backend)
2026-01-29T06:03:06.828+09:00  INFO 24114 --- [beauty-sales-dwh] [    Test worker] c.b.b.b.mapper.RawCustomerMapperTest     : The following 1 profile is active: "test"
2026-01-29T06:03:06.897+09:00  INFO 24114 --- [beauty-sales-dwh] [    Test worker] com.zaxxer.hikari.HikariDataSource       : HikariPool-3 - Starting...
2026-01-29T06:03:06.936+09:00  INFO 24114 --- [beauty-sales-dwh] [    Test worker] com.zaxxer.hikari.pool.HikariPool        : HikariPool-3 - Added connection org.postgresql.jdbc.PgConnection@6ccf06f1
2026-01-29T06:03:06.936+09:00  INFO 24114 --- [beauty-sales-dwh] [    Test worker] com.zaxxer.hikari.HikariDataSource       : HikariPool-3 - Start completed.
2026-01-29T06:03:06.960+09:00  INFO 24114 --- [beauty-sales-dwh] [    Test worker] c.b.b.b.mapper.RawCustomerMapperTest     : Started RawCustomerMapperTest in 0.143 seconds (process running for 4.516)
取得された最大日時: 2026-01-28T21:03:06.965525Z
現在のDBの最大日時: null
]]></system-out>
  <system-err><![CDATA[]]></system-err>
</testsuite>
